<?xml version="1.0" encoding="UTF-8"?>
<testsuite xmlns:xsi="http://www.w3.org/2001/XMLSchema-instance" xsi:noNamespaceSchemaLocation="https://maven.apache.org/surefire/maven-surefire-plugin/xsd/surefire-test-report-3.0.xsd" version="3.0" name="com.flightsearch.offer.AppTest" time="0.055" tests="1" errors="0" skipped="0" failures="0">
  <properties>
    <property name="java.specification.version" value="17"/>
    <property name="sun.cpu.isalist" value="amd64"/>
    <property name="sun.jnu.encoding" value="Cp1252"/>
    <property name="java.class.path" value="E:\workspace2gb\upwork\ws\amadeus-integration\target\test-classes;E:\workspace2gb\upwork\ws\amadeus-integration\target\classes;C:\Users\like_\.m2\repository\junit\junit\3.8.1\junit-3.8.1.jar;C:\Users\like_\.m2\repository\com\amadeus\amadeus-java\5.0.0\amadeus-java-5.0.0.jar;C:\Users\like_\.m2\repository\com\google\code\gson\gson\2.8.2\gson-2.8.2.jar;"/>
    <property name="java.vm.vendor" value="Oracle Corporation"/>
    <property name="sun.arch.data.model" value="64"/>
    <property name="user.variant" value=""/>
    <property name="java.vendor.url" value="https://java.oracle.com/"/>
    <property name="user.timezone" value="Asia/Calcutta"/>
    <property name="os.name" value="Windows 10"/>
    <property name="java.vm.specification.version" value="17"/>
    <property name="sun.java.launcher" value="SUN_STANDARD"/>
    <property name="user.country" value="US"/>
    <property name="sun.boot.library.path" value="E:\workspace2gb\jdk-17.0.2\bin"/>
    <property name="sun.java.command" value="C:\Users\like_\AppData\Local\Temp\surefire14436223369100682423\surefirebooter-20240527185204522_3.jar C:\Users\like_\AppData\Local\Temp\surefire14436223369100682423 2024-05-27T18-52-03_654-jvmRun1 surefire-20240527185204522_1tmp surefire_0-20240527185204522_2tmp"/>
    <property name="jdk.debug" value="release"/>
    <property name="surefire.test.class.path" value="E:\workspace2gb\upwork\ws\amadeus-integration\target\test-classes;E:\workspace2gb\upwork\ws\amadeus-integration\target\classes;C:\Users\like_\.m2\repository\junit\junit\3.8.1\junit-3.8.1.jar;C:\Users\like_\.m2\repository\com\amadeus\amadeus-java\5.0.0\amadeus-java-5.0.0.jar;C:\Users\like_\.m2\repository\com\google\code\gson\gson\2.8.2\gson-2.8.2.jar;"/>
    <property name="sun.cpu.endian" value="little"/>
    <property name="user.home" value="C:\Users\like_"/>
    <property name="user.language" value="en"/>
    <property name="java.specification.vendor" value="Oracle Corporation"/>
    <property name="java.version.date" value="2022-01-18"/>
    <property name="java.home" value="E:\workspace2gb\jdk-17.0.2"/>
    <property name="file.separator" value="\"/>
    <property name="basedir" value="E:\workspace2gb\upwork\ws\amadeus-integration"/>
    <property name="java.vm.compressedOopsMode" value="Zero based"/>
    <property name="line.separator" value="&#10;"/>
    <property name="java.vm.specification.vendor" value="Oracle Corporation"/>
    <property name="java.specification.name" value="Java Platform API Specification"/>
    <property name="surefire.real.class.path" value="C:\Users\like_\AppData\Local\Temp\surefire14436223369100682423\surefirebooter-20240527185204522_3.jar"/>
    <property name="user.script" value=""/>
    <property name="sun.management.compiler" value="HotSpot 64-Bit Tiered Compilers"/>
    <property name="java.runtime.version" value="17.0.2+8-86"/>
    <property name="user.name" value="like_"/>
    <property name="path.separator" value=";"/>
    <property name="os.version" value="10.0"/>
    <property name="java.runtime.name" value="OpenJDK Runtime Environment"/>
    <property name="file.encoding" value="Cp1252"/>
    <property name="java.vm.name" value="OpenJDK 64-Bit Server VM"/>
    <property name="localRepository" value="C:\Users\like_\.m2\repository"/>
    <property name="java.vendor.url.bug" value="https://bugreport.java.com/bugreport/"/>
    <property name="java.io.tmpdir" value="C:\Users\like_\AppData\Local\Temp\"/>
    <property name="java.version" value="17.0.2"/>
    <property name="user.dir" value="E:\workspace2gb\upwork\ws\amadeus-integration"/>
    <property name="os.arch" value="amd64"/>
    <property name="java.vm.specification.name" value="Java Virtual Machine Specification"/>
    <property name="sun.os.patch.level" value=""/>
    <property name="native.encoding" value="Cp1252"/>
    <property name="java.library.path" value="E:\workspace2gb\jdk-17.0.2\bin;C:\Windows\Sun\Java\bin;C:\Windows\system32;C:\Windows;C:\Windows\system32;C:\Windows;C:\Windows\System32\Wbem;C:\Windows\System32\WindowsPowerShell\v1.0\;C:\Windows\System32\OpenSSH\;F:\tech-2019\pgmspace\gradle-6.8.3\bin;E:\bin;F:\Program Files\apache-maven-3.9.6\bin;F:\MarFindOne2021\Coforge\install\mysql-8.0.25-winx64\mysql-8.0.25-winx64\bin;C:\Program Files\dotnet\;E:\workspace2gb\gradlePF\gradle-8.5\bin;F:\spark\bin;F:\hadoop\bin;E:\workspace2gb\jdk-17.0.2\bin;F:\Program Files\Git\bin;F:\Python\Python36\Scripts\;F:\Python\Python36\;C:\Users\like_\AppData\Local\Microsoft\WindowsApps;C:\Users\like_\AppData\Local\Google\Cloud SDK\google-cloud-sdk\bin;."/>
    <property name="java.vm.info" value="mixed mode, sharing"/>
    <property name="java.vendor" value="Oracle Corporation"/>
    <property name="java.vm.version" value="17.0.2+8-86"/>
    <property name="sun.io.unicode.encoding" value="UnicodeLittle"/>
    <property name="java.class.version" value="61.0"/>
  </properties>
  <testcase name="testApp" classname="com.flightsearch.offer.AppTest" time="0.0"/>
</testsuite>